# JRE version: OpenJDK Runtime Environment (17.0.6) (build 17.0.6+0-b2043.56-10027231)
# Java VM: OpenJDK 64-Bit Server VM (17.0.6+0-b2043.56-10027231, mixed mode, tiered, compressed oops, compressed class ptrs, g1 gc, windows-amd64)
GC Precious Log:
 CPUs: 8 total, 8 available
 Memory: 3532M
 Large Page Support: Disabled
 NUMA Support: Disabled
 Compressed Oops: Enabled (32-bit)
 Heap Region Size: 1M
 Heap Min Capacity: 8M
 Heap Initial Capacity: 56M
 Heap Max Capacity: 2G
 Pre-touch: Disabled
 Parallel Workers: 8
 Concurrent Workers: 2
 Concurrent Refinement Workers: 8
 Periodic GC: Disabled
Heap:
 garbage-first heap   total 335872K, used 199093K [0x0000000080000000, 0x0000000100000000)
  region size 1024K, 33 young (33792K), 2 survivors (2048K)
 Metaspace       used 134676K, committed 135552K, reserved 1171456K
  class space    used 18211K, committed 18624K, reserved 1048576K
GC Heap History (20 events):
Event: 123.472 GC heap before
{Heap before GC invocations=77 (full 0):
 garbage-first heap   total 205824K, used 172410K [0x0000000080000000, 0x0000000100000000)
  region size 1024K, 31 young (31744K), 3 survivors (3072K)
 Metaspace       used 128180K, committed 128960K, reserved 1163264K
  class space    used 17297K, committed 17664K, reserved 1048576K
}
Event: 123.478 GC heap after
{Heap after GC invocations=78 (full 0):
 garbage-first heap   total 205824K, used 142551K [0x0000000080000000, 0x0000000100000000)
  region size 1024K, 1 young (1024K), 1 survivors (1024K)
 Metaspace       used 128180K, committed 128960K, reserved 1163264K
  class space    used 17297K, committed 17664K, reserved 1048576K
}
Event: 125.729 GC heap before
{Heap before GC invocations=78 (full 0):
 garbage-first heap   total 205824K, used 173271K [0x0000000080000000, 0x0000000100000000)
  region size 1024K, 32 young (32768K), 1 survivors (1024K)
 Metaspace       used 130102K, committed 130944K, reserved 1163264K
  class space    used 17692K, committed 18112K, reserved 1048576K
}
Event: 125.754 GC heap after
{Heap after GC invocations=79 (full 0):
 garbage-first heap   total 205824K, used 149731K [0x0000000080000000, 0x0000000100000000)
  region size 1024K, 4 young (4096K), 4 survivors (4096K)
 Metaspace       used 130102K, committed 130944K, reserved 1163264K
  class space    used 17692K, committed 18112K, reserved 1048576K
}
Event: 129.288 GC heap before
{Heap before GC invocations=79 (full 0):
 garbage-first heap   total 205824K, used 185571K [0x0000000080000000, 0x0000000100000000)
  region size 1024K, 27 young (27648K), 4 survivors (4096K)
 Metaspace       used 131922K, committed 132736K, reserved 1171456K
  class space    used 17946K, committed 18368K, reserved 1048576K
}
Event: 129.309 GC heap after
{Heap after GC invocations=80 (full 0):
 garbage-first heap   total 205824K, used 150154K [0x0000000080000000, 0x0000000100000000)
  region size 1024K, 1 young (1024K), 1 survivors (1024K)
 Metaspace       used 131922K, committed 132736K, reserved 1171456K
  class space    used 17946K, committed 18368K, reserved 1048576K
}
Event: 594.997 GC heap before
{Heap before GC invocations=80 (full 0):
 garbage-first heap   total 205824K, used 174730K [0x0000000080000000, 0x0000000100000000)
  region size 1024K, 25 young (25600K), 1 survivors (1024K)
 Metaspace       used 132617K, committed 133440K, reserved 1171456K
  class space    used 18035K, committed 18432K, reserved 1048576K
}
Event: 595.197 GC heap after
{Heap after GC invocations=81 (full 0):
 garbage-first heap   total 205824K, used 151731K [0x0000000080000000, 0x0000000100000000)
  region size 1024K, 3 young (3072K), 3 survivors (3072K)
 Metaspace       used 132617K, committed 133440K, reserved 1171456K
  class space    used 18035K, committed 18432K, reserved 1048576K
}
Event: 600.284 GC heap before
{Heap before GC invocations=81 (full 0):
 garbage-first heap   total 205824K, used 175283K [0x0000000080000000, 0x0000000100000000)
  region size 1024K, 26 young (26624K), 3 survivors (3072K)
 Metaspace       used 132929K, committed 133760K, reserved 1171456K
  class space    used 18045K, committed 18496K, reserved 1048576K
}
Event: 600.378 GC heap after
{Heap after GC invocations=82 (full 0):
 garbage-first heap   total 205824K, used 154500K [0x0000000080000000, 0x0000000100000000)
  region size 1024K, 4 young (4096K), 4 survivors (4096K)
 Metaspace       used 132929K, committed 133760K, reserved 1171456K
  class space    used 18045K, committed 18496K, reserved 1048576K
}
Event: 605.678 GC heap before
{Heap before GC invocations=82 (full 0):
 garbage-first heap   total 205824K, used 174980K [0x0000000080000000, 0x0000000100000000)
  region size 1024K, 25 young (25600K), 4 survivors (4096K)
 Metaspace       used 133813K, committed 134656K, reserved 1171456K
  class space    used 18140K, committed 18560K, reserved 1048576K
}
Event: 605.764 GC heap after
{Heap after GC invocations=83 (full 0):
 garbage-first heap   total 205824K, used 156961K [0x0000000080000000, 0x0000000100000000)
  region size 1024K, 3 young (3072K), 3 survivors (3072K)
 Metaspace       used 133813K, committed 134656K, reserved 1171456K
  class space    used 18140K, committed 18560K, reserved 1048576K
}
Event: 616.238 GC heap before
{Heap before GC invocations=83 (full 0):
 garbage-first heap   total 205824K, used 175393K [0x0000000080000000, 0x0000000100000000)
  region size 1024K, 22 young (22528K), 3 survivors (3072K)
 Metaspace       used 134379K, committed 135296K, reserved 1171456K
  class space    used 18198K, committed 18624K, reserved 1048576K
}
Event: 616.324 GC heap after
{Heap after GC invocations=84 (full 0):
 garbage-first heap   total 205824K, used 158478K [0x0000000080000000, 0x0000000100000000)
  region size 1024K, 2 young (2048K), 2 survivors (2048K)
 Metaspace       used 134379K, committed 135296K, reserved 1171456K
  class space    used 18198K, committed 18624K, reserved 1048576K
}
Event: 616.840 GC heap before
{Heap before GC invocations=84 (full 0):
 garbage-first heap   total 205824K, used 176910K [0x0000000080000000, 0x0000000100000000)
  region size 1024K, 20 young (20480K), 2 survivors (2048K)
 Metaspace       used 134392K, committed 135296K, reserved 1171456K
  class space    used 18198K, committed 18624K, reserved 1048576K
}
Event: 616.897 GC heap after
{Heap after GC invocations=85 (full 0):
 garbage-first heap   total 205824K, used 163542K [0x0000000080000000, 0x0000000100000000)
  region size 1024K, 3 young (3072K), 3 survivors (3072K)
 Metaspace       used 134392K, committed 135296K, reserved 1171456K
  class space    used 18198K, committed 18624K, reserved 1048576K
}
Event: 617.045 GC heap before
{Heap before GC invocations=85 (full 0):
 garbage-first heap   total 205824K, used 174806K [0x0000000080000000, 0x0000000100000000)
  region size 1024K, 15 young (15360K), 3 survivors (3072K)
 Metaspace       used 134416K, committed 135296K, reserved 1171456K
  class space    used 18198K, committed 18624K, reserved 1048576K
}
Event: 617.067 GC heap after
{Heap after GC invocations=86 (full 0):
 garbage-first heap   total 205824K, used 164654K [0x0000000080000000, 0x0000000100000000)
  region size 1024K, 2 young (2048K), 2 survivors (2048K)
 Metaspace       used 134416K, committed 135296K, reserved 1171456K
  class space    used 18198K, committed 18624K, reserved 1048576K
}
Event: 619.608 GC heap before
{Heap before GC invocations=86 (full 0):
 garbage-first heap   total 205824K, used 174894K [0x0000000080000000, 0x0000000100000000)
  region size 1024K, 13 young (13312K), 2 survivors (2048K)
 Metaspace       used 134477K, committed 135360K, reserved 1171456K
  class space    used 18207K, committed 18624K, reserved 1048576K
}
Event: 619.730 GC heap after
{Heap after GC invocations=87 (full 0):
 garbage-first heap   total 335872K, used 166325K [0x0000000080000000, 0x0000000100000000)
  region size 1024K, 2 young (2048K), 2 survivors (2048K)
 Metaspace       used 134477K, committed 135360K, reserved 1171456K
  class space    used 18207K, committed 18624K, reserved 1048576K
}

